[2022-09-12 16:54:20] development.EMERGENCY: File:/var/www/html/z/sandeep/crm2/storage/framework/views/4467f4f19fccc1526a71616a4dab1c5a1ae6ccf1.phpLine:370Message:Use of undefined constant hallmark_price - assumed 'hallmark_price' (this will throw an Error in a future version of PHP) (View: /var/www/html/z/sandeep/crm2/resources/views/sale_pos/receipts/classic.blade.php)  
[2022-09-12 16:56:33] development.EMERGENCY: File:/var/www/html/z/sandeep/crm2/storage/framework/views/4467f4f19fccc1526a71616a4dab1c5a1ae6ccf1.phpLine:373Message:syntax error, unexpected ')', expecting ',' or ';' (View: /var/www/html/z/sandeep/crm2/resources/views/sale_pos/receipts/classic.blade.php)  
[2022-09-12 16:57:07] development.EMERGENCY: File:/var/www/html/z/sandeep/crm2/storage/framework/views/4467f4f19fccc1526a71616a4dab1c5a1ae6ccf1.phpLine:373Message:syntax error, unexpected ')', expecting ',' or ';' (View: /var/www/html/z/sandeep/crm2/resources/views/sale_pos/receipts/classic.blade.php)  
[2022-09-12 17:06:03] development.EMERGENCY: File:/var/www/html/z/sandeep/crm2/storage/framework/views/4467f4f19fccc1526a71616a4dab1c5a1ae6ccf1.phpLine:412Message:A non-numeric value encountered (View: /var/www/html/z/sandeep/crm2/resources/views/sale_pos/receipts/classic.blade.php)  
[2022-09-12 17:06:33] development.EMERGENCY: File:/var/www/html/z/sandeep/crm2/storage/framework/views/4467f4f19fccc1526a71616a4dab1c5a1ae6ccf1.phpLine:412Message:A non-numeric value encountered (View: /var/www/html/z/sandeep/crm2/resources/views/sale_pos/receipts/classic.blade.php)  
[2022-09-12 17:06:44] development.EMERGENCY: File:/var/www/html/z/sandeep/crm2/storage/framework/views/4467f4f19fccc1526a71616a4dab1c5a1ae6ccf1.phpLine:412Message:A non-numeric value encountered (View: /var/www/html/z/sandeep/crm2/resources/views/sale_pos/receipts/classic.blade.php)  
[2022-09-12 17:07:01] development.EMERGENCY: File:/var/www/html/z/sandeep/crm2/storage/framework/views/4467f4f19fccc1526a71616a4dab1c5a1ae6ccf1.phpLine:412Message:A non-numeric value encountered (View: /var/www/html/z/sandeep/crm2/resources/views/sale_pos/receipts/classic.blade.php)  
[2022-09-12 17:07:41] development.EMERGENCY: File:/var/www/html/z/sandeep/crm2/storage/framework/views/4467f4f19fccc1526a71616a4dab1c5a1ae6ccf1.phpLine:412Message:A non-numeric value encountered (View: /var/www/html/z/sandeep/crm2/resources/views/sale_pos/receipts/classic.blade.php)  
[2022-09-12 17:08:01] development.EMERGENCY: File:/var/www/html/z/sandeep/crm2/storage/framework/views/4467f4f19fccc1526a71616a4dab1c5a1ae6ccf1.phpLine:412Message:Object of class stdClass could not be converted to string (View: /var/www/html/z/sandeep/crm2/resources/views/sale_pos/receipts/classic.blade.php)  
[2022-09-12 17:14:38] development.ERROR: Class App\Utils\TransactionUtil does not exist {"exception":"[object] (ReflectionException(code: 0): Class App\\Utils\\TransactionUtil does not exist at /var/www/html/z/sandeep/crm2/vendor/laravel/framework/src/Illuminate/Container/Container.php:853, ParseError(code: 0): syntax error, unexpected ';', expecting ')' at /var/www/html/z/sandeep/crm2/app/Utils/TransactionUtil.php:1366)
[stacktrace]
#0 /var/www/html/z/sandeep/crm2/vendor/laravel/framework/src/Illuminate/Container/Container.php(853): ReflectionParameter->getClass()
#1 /var/www/html/z/sandeep/crm2/vendor/laravel/framework/src/Illuminate/Container/Container.php(816): Illuminate\\Container\\Container->resolveDependencies(Array)
#2 /var/www/html/z/sandeep/crm2/vendor/laravel/framework/src/Illuminate/Container/Container.php(667): Illuminate\\Container\\Container->build('App\\\\Http\\\\Contro...')
#3 /var/www/html/z/sandeep/crm2/vendor/laravel/framework/src/Illuminate/Container/Container.php(615): Illuminate\\Container\\Container->resolve('App\\\\Http\\\\Contro...', Array)
#4 /var/www/html/z/sandeep/crm2/vendor/laravel/framework/src/Illuminate/Foundation/Application.php(767): Illuminate\\Container\\Container->make('App\\\\Http\\\\Contro...', Array)
#5 /var/www/html/z/sandeep/crm2/vendor/laravel/framework/src/Illuminate/Routing/Route.php(233): Illuminate\\Foundation\\Application->make('App\\\\Http\\\\Contro...')
#6 /var/www/html/z/sandeep/crm2/vendor/laravel/framework/src/Illuminate/Routing/Route.php(833): Illuminate\\Routing\\Route->getController()
#7 /var/www/html/z/sandeep/crm2/vendor/laravel/framework/src/Illuminate/Routing/Route.php(794): Illuminate\\Routing\\Route->controllerMiddleware()
#8 /var/www/html/z/sandeep/crm2/vendor/laravel/framework/src/Illuminate/Routing/Router.php(693): Illuminate\\Routing\\Route->gatherMiddleware()
#9 /var/www/html/z/sandeep/crm2/vendor/laravel/framework/src/Illuminate/Routing/Router.php(673): Illuminate\\Routing\\Router->gatherRouteMiddleware(Object(Illuminate\\Routing\\Route))
#10 /var/www/html/z/sandeep/crm2/vendor/laravel/framework/src/Illuminate/Routing/Router.php(657): Illuminate\\Routing\\Router->runRouteWithinStack(Object(Illuminate\\Routing\\Route), Object(Illuminate\\Http\\Request))
#11 /var/www/html/z/sandeep/crm2/vendor/laravel/framework/src/Illuminate/Routing/Router.php(623): Illuminate\\Routing\\Router->runRoute(Object(Illuminate\\Http\\Request), Object(Illuminate\\Routing\\Route))
#12 /var/www/html/z/sandeep/crm2/vendor/laravel/framework/src/Illuminate/Routing/Router.php(612): Illuminate\\Routing\\Router->dispatchToRoute(Object(Illuminate\\Http\\Request))
#13 /var/www/html/z/sandeep/crm2/vendor/laravel/framework/src/Illuminate/Foundation/Http/Kernel.php(176): Illuminate\\Routing\\Router->dispatch(Object(Illuminate\\Http\\Request))
#14 /var/www/html/z/sandeep/crm2/vendor/laravel/framework/src/Illuminate/Routing/Pipeline.php(30): Illuminate\\Foundation\\Http\\Kernel->Illuminate\\Foundation\\Http\\{closure}(Object(Illuminate\\Http\\Request))
#15 /var/www/html/z/sandeep/crm2/vendor/barryvdh/laravel-debugbar/src/Middleware/InjectDebugbar.php(58): Illuminate\\Routing\\Pipeline->Illuminate\\Routing\\{closure}(Object(Illuminate\\Http\\Request))
#16 /var/www/html/z/sandeep/crm2/vendor/laravel/framework/src/Illuminate/Pipeline/Pipeline.php(163): Barryvdh\\Debugbar\\Middleware\\InjectDebugbar->handle(Object(Illuminate\\Http\\Request), Object(Closure))
#17 /var/www/html/z/sandeep/crm2/vendor/laravel/framework/src/Illuminate/Routing/Pipeline.php(53): Illuminate\\Pipeline\\Pipeline->Illuminate\\Pipeline\\{closure}(Object(Illuminate\\Http\\Request))
#18 /var/www/html/z/sandeep/crm2/vendor/fideloper/proxy/src/TrustProxies.php(57): Illuminate\\Routing\\Pipeline->Illuminate\\Routing\\{closure}(Object(Illuminate\\Http\\Request))
#19 /var/www/html/z/sandeep/crm2/vendor/laravel/framework/src/Illuminate/Pipeline/Pipeline.php(163): Fideloper\\Proxy\\TrustProxies->handle(Object(Illuminate\\Http\\Request), Object(Closure))
#20 /var/www/html/z/sandeep/crm2/vendor/laravel/framework/src/Illuminate/Routing/Pipeline.php(53): Illuminate\\Pipeline\\Pipeline->Illuminate\\Pipeline\\{closure}(Object(Illuminate\\Http\\Request))
#21 /var/www/html/z/sandeep/crm2/vendor/laravel/framework/src/Illuminate/Foundation/Http/Middleware/TransformsRequest.php(21): Illuminate\\Routing\\Pipeline->Illuminate\\Routing\\{closure}(Object(Illuminate\\Http\\Request))
#22 /var/www/html/z/sandeep/crm2/vendor/laravel/framework/src/Illuminate/Pipeline/Pipeline.php(163): Illuminate\\Foundation\\Http\\Middleware\\TransformsRequest->handle(Object(Illuminate\\Http\\Request), Object(Closure))
#23 /var/www/html/z/sandeep/crm2/vendor/laravel/framework/src/Illuminate/Routing/Pipeline.php(53): Illuminate\\Pipeline\\Pipeline->Illuminate\\Pipeline\\{closure}(Object(Illuminate\\Http\\Request))
#24 /var/www/html/z/sandeep/crm2/vendor/laravel/framework/src/Illuminate/Foundation/Http/Middleware/TransformsRequest.php(21): Illuminate\\Routing\\Pipeline->Illuminate\\Routing\\{closure}(Object(Illuminate\\Http\\Request))
#25 /var/www/html/z/sandeep/crm2/vendor/laravel/framework/src/Illuminate/Pipeline/Pipeline.php(163): Illuminate\\Foundation\\Http\\Middleware\\TransformsRequest->handle(Object(Illuminate\\Http\\Request), Object(Closure))
#26 /var/www/html/z/sandeep/crm2/vendor/laravel/framework/src/Illuminate/Routing/Pipeline.php(53): Illuminate\\Pipeline\\Pipeline->Illuminate\\Pipeline\\{closure}(Object(Illuminate\\Http\\Request))
#27 /var/www/html/z/sandeep/crm2/vendor/laravel/framework/src/Illuminate/Foundation/Http/Middleware/ValidatePostSize.php(27): Illuminate\\Routing\\Pipeline->Illuminate\\Routing\\{closure}(Object(Illuminate\\Http\\Request))
#28 /var/www/html/z/sandeep/crm2/vendor/laravel/framework/src/Illuminate/Pipeline/Pipeline.php(163): Illuminate\\Foundation\\Http\\Middleware\\ValidatePostSize->handle(Object(Illuminate\\Http\\Request), Object(Closure))
#29 /var/www/html/z/sandeep/crm2/vendor/laravel/framework/src/Illuminate/Routing/Pipeline.php(53): Illuminate\\Pipeline\\Pipeline->Illuminate\\Pipeline\\{closure}(Object(Illuminate\\Http\\Request))
#30 /var/www/html/z/sandeep/crm2/vendor/laravel/framework/src/Illuminate/Foundation/Http/Middleware/CheckForMaintenanceMode.php(62): Illuminate\\Routing\\Pipeline->Illuminate\\Routing\\{closure}(Object(Illuminate\\Http\\Request))
#31 /var/www/html/z/sandeep/crm2/vendor/laravel/framework/src/Illuminate/Pipeline/Pipeline.php(163): Illuminate\\Foundation\\Http\\Middleware\\CheckForMaintenanceMode->handle(Object(Illuminate\\Http\\Request), Object(Closure))
#32 /var/www/html/z/sandeep/crm2/vendor/laravel/framework/src/Illuminate/Routing/Pipeline.php(53): Illuminate\\Pipeline\\Pipeline->Illuminate\\Pipeline\\{closure}(Object(Illuminate\\Http\\Request))
#33 /var/www/html/z/sandeep/crm2/vendor/laravel/framework/src/Illuminate/Pipeline/Pipeline.php(104): Illuminate\\Routing\\Pipeline->Illuminate\\Routing\\{closure}(Object(Illuminate\\Http\\Request))
#34 /var/www/html/z/sandeep/crm2/vendor/laravel/framework/src/Illuminate/Foundation/Http/Kernel.php(151): Illuminate\\Pipeline\\Pipeline->then(Object(Closure))
#35 /var/www/html/z/sandeep/crm2/vendor/laravel/framework/src/Illuminate/Foundation/Http/Kernel.php(116): Illuminate\\Foundation\\Http\\Kernel->sendRequestThroughRouter(Object(Illuminate\\Http\\Request))
#36 /var/www/html/z/sandeep/crm2/public/index.php(53): Illuminate\\Foundation\\Http\\Kernel->handle(Object(Illuminate\\Http\\Request))
#37 /var/www/html/z/sandeep/crm2/server.php(21): require_once('/var/www/html/z...')
#38 {main}
"} 
[2022-09-12 17:21:23] development.EMERGENCY: File:/var/www/html/z/sandeep/crm2/storage/framework/views/4467f4f19fccc1526a71616a4dab1c5a1ae6ccf1.phpLine:412Message:syntax error, unexpected ';', expecting ')' (View: /var/www/html/z/sandeep/crm2/resources/views/sale_pos/receipts/classic.blade.php)  
