[2022-05-14 11:25:44] development.INFO: Backpack\BackupManager -- new backup started from admin interface 
Starting backup...
Dumping database zzenort_DQE...
Backup failed because The Process class relies on proc_open, which is not available on your PHP installation..
#0 /var/www/vhosts/zenort.com/httpdocs/crm2/vendor/symfony/process/Process.php(195): Symfony\Component\Process\Process->__construct()
#1 /var/www/vhosts/zenort.com/httpdocs/crm2/vendor/spatie/db-dumper/src/Databases/MySql.php(350): Symfony\Component\Process\Process::fromShellCommandline()
#2 /var/www/vhosts/zenort.com/httpdocs/crm2/vendor/spatie/db-dumper/src/Databases/MySql.php(199): Spatie\DbDumper\Databases\MySql->getProcess()
#3 /var/www/vhosts/zenort.com/httpdocs/crm2/vendor/spatie/laravel-backup/src/Tasks/Backup/BackupJob.php(246): Spatie\DbDumper\Databases\MySql->dumpToFile()
#4 [internal function]: Spatie\Backup\Tasks\Backup\BackupJob->Spatie\Backup\Tasks\Backup\{closure}()
#5 /var/www/vhosts/zenort.com/httpdocs/crm2/vendor/laravel/framework/src/Illuminate/Support/Collection.php(1120): array_map()
#6 /var/www/vhosts/zenort.com/httpdocs/crm2/vendor/spatie/laravel-backup/src/Tasks/Backup/BackupJob.php(249): Illuminate\Support\Collection->map()
#7 /var/www/vhosts/zenort.com/httpdocs/crm2/vendor/spatie/laravel-backup/src/Tasks/Backup/BackupJob.php(166): Spatie\Backup\Tasks\Backup\BackupJob->dumpDatabases()
#8 /var/www/vhosts/zenort.com/httpdocs/crm2/vendor/spatie/laravel-backup/src/Tasks/Backup/BackupJob.php(142): Spatie\Backup\Tasks\Backup\BackupJob->createBackupManifest()
#9 /var/www/vhosts/zenort.com/httpdocs/crm2/vendor/spatie/laravel-backup/src/Commands/BackupCommand.php(52): Spatie\Backup\Tasks\Backup\BackupJob->run()
#10 [internal function]: Spatie\Backup\Commands\BackupCommand->handle()
#11 /var/www/vhosts/zenort.com/httpdocs/crm2/vendor/laravel/framework/src/Illuminate/Container/BoundMethod.php(32): call_user_func_array()
#12 /var/www/vhosts/zenort.com/httpdocs/crm2/vendor/laravel/framework/src/Illuminate/Container/BoundMethod.php(90): Illuminate\Container\BoundMethod::Illuminate\Container\{closure}()
#13 /var/www/vhosts/zenort.com/httpdocs/crm2/vendor/laravel/framework/src/Illuminate/Container/BoundMethod.php(34): Illuminate\Container\BoundMethod::callBoundMethod()
#14 /var/www/vhosts/zenort.com/httpdocs/crm2/vendor/laravel/framework/src/Illuminate/Container/Container.php(576): Illuminate\Container\BoundMethod::call()
#15 /var/www/vhosts/zenort.com/httpdocs/crm2/vendor/laravel/framework/src/Illuminate/Console/Command.php(183): Illuminate\Container\Container->call()
#16 /var/www/vhosts/zenort.com/httpdocs/crm2/vendor/symfony/console/Command/Command.php(255): Illuminate\Console\Command->execute()
#17 /var/www/vhosts/zenort.com/httpdocs/crm2/vendor/laravel/framework/src/Illuminate/Console/Command.php(170): Symfony\Component\Console\Command\Command->run()
#18 /var/www/vhosts/zenort.com/httpdocs/crm2/vendor/spatie/laravel-backup/src/Commands/BaseCommand.php(16): Illuminate\Console\Command->run()
#19 /var/www/vhosts/zenort.com/httpdocs/crm2/vendor/symfony/console/Application.php(1009): Spatie\Backup\Commands\BaseCommand->run()
#20 /var/www/vhosts/zenort.com/httpdocs/crm2/vendor/symfony/console/Application.php(273): Symfony\Component\Console\Application->doRunCommand()
#21 /var/www/vhosts/zenort.com/httpdocs/crm2/vendor/symfony/console/Application.php(149): Symfony\Component\Console\Application->doRun()
#22 /var/www/vhosts/zenort.com/httpdocs/crm2/vendor/laravel/framework/src/Illuminate/Console/Application.php(90): Symfony\Component\Console\Application->run()
#23 /var/www/vhosts/zenort.com/httpdocs/crm2/vendor/laravel/framework/src/Illuminate/Console/Application.php(182): Illuminate\Console\Application->run()
#24 /var/www/vhosts/zenort.com/httpdocs/crm2/vendor/laravel/framework/src/Illuminate/Foundation/Console/Kernel.php(275): Illuminate\Console\Application->call()
#25 /var/www/vhosts/zenort.com/httpdocs/crm2/vendor/laravel/framework/src/Illuminate/Support/Facades/Facade.php(239): Illuminate\Foundation\Console\Kernel->call()
#26 /var/www/vhosts/zenort.com/httpdocs/crm2/app/Http/Controllers/BackUpController.php(82): Illuminate\Support\Facades\Facade::__callStatic()
#27 [internal function]: App\Http\Controllers\BackUpController->create()
#28 /var/www/vhosts/zenort.com/httpdocs/crm2/vendor/laravel/framework/src/Illuminate/Routing/Controller.php(54): call_user_func_array()
#29 /var/www/vhosts/zenort.com/httpdocs/crm2/vendor/laravel/framework/src/Illuminate/Routing/ControllerDispatcher.php(45): Illuminate\Routing\Controller->callAction()
#30 /var/www/vhosts/zenort.com/httpdocs/crm2/vendor/laravel/framework/src/Illuminate/Routing/Route.php(219): Illuminate\Routing\ControllerDispatcher->dispatch()
#31 /var/www/vhosts/zenort.com/httpdocs/crm2/vendor/laravel/framework/src/Illuminate/Routing/Route.php(176): Illuminate\Routing\Route->runController()
#32 /var/www/vhosts/zenort.com/httpdocs/crm2/vendor/laravel/framework/src/Illuminate/Routing/Router.php(680): Illuminate\Routing\Route->run()
#33 /var/www/vhosts/zenort.com/httpdocs/crm2/vendor/laravel/framework/src/Illuminate/Routing/Pipeline.php(30): Illuminate\Routing\Router->Illuminate\Routing\{closure}()
#34 /var/www/vhosts/zenort.com/httpdocs/crm2/app/Http/Middleware/CheckUserLogin.php(22): Illuminate\Routing\Pipeline->Illuminate\Routing\{closure}()
#35 /var/www/vhosts/zenort.com/httpdocs/crm2/vendor/laravel/framework/src/Illuminate/Pipeline/Pipeline.php(163): App\Http\Middleware\CheckUserLogin->handle()
#36 /var/www/vhosts/zenort.com/httpdocs/crm2/vendor/laravel/framework/src/Illuminate/Routing/Pipeline.php(53): Illuminate\Pipeline\Pipeline->Illuminate\Pipeline\{closure}()
#37 /var/www/vhosts/zenort.com/httpdocs/crm2/app/Http/Middleware/AdminSidebarMenu.php(758): Illuminate\Routing\Pipeline->Illuminate\Routing\{closure}()
#38 /var/www/vhosts/zenort.com/httpdocs/crm2/vendor/laravel/framework/src/Illuminate/Pipeline/Pipeline.php(163): App\Http\Middleware\AdminSidebarMenu->handle()
#39 /var/www/vhosts/zenort.com/httpdocs/crm2/vendor/laravel/framework/src/Illuminate/Routing/Pipeline.php(53): Illuminate\Pipeline\Pipeline->Illuminate\Pipeline\{closure}()
#40 /var/www/vhosts/zenort.com/httpdocs/crm2/app/Http/Middleware/Timezone.php(30): Illuminate\Routing\Pipeline->Illuminate\Routing\{closure}()
#41 /var/www/vhosts/zenort.com/httpdocs/crm2/vendor/laravel/framework/src/Illuminate/Pipeline/Pipeline.php(163): App\Http\Middleware\Timezone->handle()
#42 /var/www/vhosts/zenort.com/httpdocs/crm2/vendor/laravel/framework/src/Illuminate/Routing/Pipeline.php(53): Illuminate\Pipeline\Pipeline->Illuminate\Pipeline\{closure}()
#43 /var/www/vhosts/zenort.com/httpdocs/crm2/app/Http/Middleware/Language.php(27): Illuminate\Routing\Pipeline->Illuminate\Routing\{closure}()
#44 /var/www/vhosts/zenort.com/httpdocs/crm2/vendor/laravel/framework/src/Illuminate/Pipeline/Pipeline.php(163): App\Http\Middleware\Language->handle()
#45 /var/www/vhosts/zenort.com/httpdocs/crm2/vendor/laravel/framework/src/Illuminate/Routing/Pipeline.php(53): Illuminate\Pipeline\Pipeline->Illuminate\Pipeline\{closure}()
#46 /var/www/vhosts/zenort.com/httpdocs/crm2/app/Http/Middleware/SetSessionData.php(53): Illuminate\Routing\Pipeline->Illuminate\Routing\{closure}()
#47 /var/www/vhosts/zenort.com/httpdocs/crm2/vendor/laravel/framework/src/Illuminate/Pipeline/Pipeline.php(163): App\Http\Middleware\SetSessionData->handle()
#48 /var/www/vhosts/zenort.com/httpdocs/crm2/vendor/laravel/framework/src/Illuminate/Routing/Pipeline.php(53): Illuminate\Pipeline\Pipeline->Illuminate\Pipeline\{closure}()
#49 /var/www/vhosts/zenort.com/httpdocs/crm2/app/Http/Middleware/IsInstalled.php(51): Illuminate\Routing\Pipeline->Illuminate\Routing\{closure}()
#50 /var/www/vhosts/zenort.com/httpdocs/crm2/vendor/laravel/framework/src/Illuminate/Pipeline/Pipeline.php(163): App\Http\Middleware\IsInstalled->handle()
#51 /var/www/vhosts/zenort.com/httpdocs/crm2/vendor/laravel/framework/src/Illuminate/Routing/Pipeline.php(53): Illuminate\Pipeline\Pipeline->Illuminate\Pipeline\{closure}()
#52 /var/www/vhosts/zenort.com/httpdocs/crm2/vendor/laravel/framework/src/Illuminate/Routing/Middleware/SubstituteBindings.php(41): Illuminate\Routing\Pipeline->Illuminate\Routing\{closure}()
#53 /var/www/vhosts/zenort.com/httpdocs/crm2/vendor/laravel/framework/src/Illuminate/Pipeline/Pipeline.php(163): Illuminate\Routing\Middleware\SubstituteBindings->handle()
#54 /var/www/vhosts/zenort.com/httpdocs/crm2/vendor/laravel/framework/src/Illuminate/Routing/Pipeline.php(53): Illuminate\Pipeline\Pipeline->Illuminate\Pipeline\{closure}()
#55 /var/www/vhosts/zenort.com/httpdocs/crm2/vendor/laravel/framework/src/Illuminate/Auth/Middleware/Authenticate.php(43): Illuminate\Routing\Pipeline->Illuminate\Routing\{closure}()
#56 /var/www/vhosts/zenort.com/httpdocs/crm2/vendor/laravel/framework/src/Illuminate/Pipeline/Pipeline.php(163): Illuminate\Auth\Middleware\Authenticate->handle()
#57 /var/www/vhosts/zenort.com/httpdocs/crm2/vendor/laravel/framework/src/Illuminate/Routing/Pipeline.php(53): Illuminate\Pipeline\Pipeline->Illuminate\Pipeline\{closure}()
#58 /var/www/vhosts/zenort.com/httpdocs/crm2/vendor/laravel/framework/src/Illuminate/Foundation/Http/Middleware/VerifyCsrfToken.php(75): Illuminate\Routing\Pipeline->Illuminate\Routing\{closure}()
#59 /var/www/vhosts/zenort.com/httpdocs/crm2/vendor/laravel/framework/src/Illuminate/Pipeline/Pipeline.php(163): Illuminate\Foundation\Http\Middleware\VerifyCsrfToken->handle()
#60 /var/www/vhosts/zenort.com/httpdocs/crm2/vendor/laravel/framework/src/Illuminate/Routing/Pipeline.php(53): Illuminate\Pipeline\Pipeline->Illuminate\Pipeline\{closure}()
#61 /var/www/vhosts/zenort.com/httpdocs/crm2/vendor/laravel/framework/src/Illuminate/View/Middleware/ShareErrorsFromSession.php(49): Illuminate\Routing\Pipeline->Illuminate\Routing\{closure}()
#62 /var/www/vhosts/zenort.com/httpdocs/crm2/vendor/laravel/framework/src/Illuminate/Pipeline/Pipeline.php(163): Illuminate\View\Middleware\ShareErrorsFromSession->handle()
#63 /var/www/vhosts/zenort.com/httpdocs/crm2/vendor/laravel/framework/src/Illuminate/Routing/Pipeline.php(53): Illuminate\Pipeline\Pipeline->Illuminate\Pipeline\{closure}()
#64 /var/www/vhosts/zenort.com/httpdocs/crm2/vendor/laravel/framework/src/Illuminate/Session/Middleware/StartSession.php(56): Illuminate\Routing\Pipeline->Illuminate\Routing\{closure}()
#65 /var/www/vhosts/zenort.com/httpdocs/crm2/vendor/laravel/framework/src/Illuminate/Pipeline/Pipeline.php(163): Illuminate\Session\Middleware\StartSession->handle()
#66 /var/www/vhosts/zenort.com/httpdocs/crm2/vendor/laravel/framework/src/Illuminate/Routing/Pipeline.php(53): Illuminate\Pipeline\Pipeline->Illuminate\Pipeline\{closure}()
#67 /var/www/vhosts/zenort.com/httpdocs/crm2/vendor/laravel/framework/src/Illuminate/Cookie/Middleware/AddQueuedCookiesToResponse.php(37): Illuminate\Routing\Pipeline->Illuminate\Routing\{closure}()
#68 /var/www/vhosts/zenort.com/httpdocs/crm2/vendor/laravel/framework/src/Illuminate/Pipeline/Pipeline.php(163): Illuminate\Cookie\Middleware\AddQueuedCookiesToResponse->handle()
#69 /var/www/vhosts/zenort.com/httpdocs/crm2/vendor/laravel/framework/src/Illuminate/Routing/Pipeline.php(53): Illuminate\Pipeline\Pipeline->Illuminate\Pipeline\{closure}()
#70 /var/www/vhosts/zenort.com/httpdocs/crm2/vendor/laravel/framework/src/Illuminate/Cookie/Middleware/EncryptCookies.php(66): Illuminate\Routing\Pipeline->Illuminate\Routing\{closure}()
#71 /var/www/vhosts/zenort.com/httpdocs/crm2/vendor/laravel/framework/src/Illuminate/Pipeline/Pipeline.php(163): Illuminate\Cookie\Middleware\EncryptCookies->handle()
#72 /var/www/vhosts/zenort.com/httpdocs/crm2/vendor/laravel/framework/src/Illuminate/Routing/Pipeline.php(53): Illuminate\Pipeline\Pipeline->Illuminate\Pipeline\{closure}()
#73 /var/www/vhosts/zenort.com/httpdocs/crm2/vendor/laravel/framework/src/Illuminate/Pipeline/Pipeline.php(104): Illuminate\Routing\Pipeline->Illuminate\Routing\{closure}()
#74 /var/www/vhosts/zenort.com/httpdocs/crm2/vendor/laravel/framework/src/Illuminate/Routing/Router.php(682): Illuminate\Pipeline\Pipeline->then()
#75 /var/www/vhosts/zenort.com/httpdocs/crm2/vendor/laravel/framework/src/Illuminate/Routing/Router.php(657): Illuminate\Routing\Router->runRouteWithinStack()
#76 /var/www/vhosts/zenort.com/httpdocs/crm2/vendor/laravel/framework/src/Illuminate/Routing/Router.php(623): Illuminate\Routing\Router->runRoute()
#77 /var/www/vhosts/zenort.com/httpdocs/crm2/vendor/laravel/framework/src/Illuminate/Routing/Router.php(612): Illuminate\Routing\Router->dispatchToRoute()
#78 /var/www/vhosts/zenort.com/httpdocs/crm2/vendor/laravel/framework/src/Illuminate/Foundation/Http/Kernel.php(176): Illuminate\Routing\Router->dispatch()
#79 /var/www/vhosts/zenort.com/httpdocs/crm2/vendor/laravel/framework/src/Illuminate/Routing/Pipeline.php(30): Illuminate\Foundation\Http\Kernel->Illuminate\Foundation\Http\{closure}()
#80 /var/www/vhosts/zenort.com/httpdocs/crm2/vendor/barryvdh/laravel-debugbar/src/Middleware/InjectDebugbar.php(58): Illuminate\Routing\Pipeline->Illuminate\Routing\{closure}()
#81 /var/www/vhosts/zenort.com/httpdocs/crm2/vendor/laravel/framework/src/Illuminate/Pipeline/Pipeline.php(163): Barryvdh\Debugbar\Middleware\InjectDebugbar->handle()
#82 /var/www/vhosts/zenort.com/httpdocs/crm2/vendor/laravel/framework/src/Illuminate/Routing/Pipeline.php(53): Illuminate\Pipeline\Pipeline->Illuminate\Pipeline\{closure}()
#83 /var/www/vhosts/zenort.com/httpdocs/crm2/vendor/fideloper/proxy/src/TrustProxies.php(57): Illuminate\Routing\Pipeline->Illuminate\Routing\{closure}()
#84 /var/www/vhosts/zenort.com/httpdocs/crm2/vendor/laravel/framework/src/Illuminate/Pipeline/Pipeline.php(163): Fideloper\Proxy\TrustProxies->handle()
#85 /var/www/vhosts/zenort.com/httpdocs/crm2/vendor/laravel/framework/src/Illuminate/Routing/Pipeline.php(53): Illuminate\Pipeline\Pipeline->Illuminate\Pipeline\{closure}()
#86 /var/www/vhosts/zenort.com/httpdocs/crm2/vendor/laravel/framework/src/Illuminate/Foundation/Http/Middleware/TransformsRequest.php(21): Illuminate\Routing\Pipeline->Illuminate\Routing\{closure}()
#87 /var/www/vhosts/zenort.com/httpdocs/crm2/vendor/laravel/framework/src/Illuminate/Pipeline/Pipeline.php(163): Illuminate\Foundation\Http\Middleware\TransformsRequest->handle()
#88 /var/www/vhosts/zenort.com/httpdocs/crm2/vendor/laravel/framework/src/Illuminate/Routing/Pipeline.php(53): Illuminate\Pipeline\Pipeline->Illuminate\Pipeline\{closure}()
#89 /var/www/vhosts/zenort.com/httpdocs/crm2/vendor/laravel/framework/src/Illuminate/Foundation/Http/Middleware/TransformsRequest.php(21): Illuminate\Routing\Pipeline->Illuminate\Routing\{closure}()
#90 /var/www/vhosts/zenort.com/httpdocs/crm2/vendor/laravel/framework/src/Illuminate/Pipeline/Pipeline.php(163): Illuminate\Foundation\Http\Middleware\TransformsRequest->handle()
#91 /var/www/vhosts/zenort.com/httpdocs/crm2/vendor/laravel/framework/src/Illuminate/Routing/Pipeline.php(53): Illuminate\Pipeline\Pipeline->Illuminate\Pipeline\{closure}()
#92 /var/www/vhosts/zenort.com/httpdocs/crm2/vendor/laravel/framework/src/Illuminate/Foundation/Http/Middleware/ValidatePostSize.php(27): Illuminate\Routing\Pipeline->Illuminate\Routing\{closure}()
#93 /var/www/vhosts/zenort.com/httpdocs/crm2/vendor/laravel/framework/src/Illuminate/Pipeline/Pipeline.php(163): Illuminate\Foundation\Http\Middleware\ValidatePostSize->handle()
#94 /var/www/vhosts/zenort.com/httpdocs/crm2/vendor/laravel/framework/src/Illuminate/Routing/Pipeline.php(53): Illuminate\Pipeline\Pipeline->Illuminate\Pipeline\{closure}()
#95 /var/www/vhosts/zenort.com/httpdocs/crm2/vendor/laravel/framework/src/Illuminate/Foundation/Http/Middleware/CheckForMaintenanceMode.php(62): Illuminate\Routing\Pipeline->Illuminate\Routing\{closure}()
#96 /var/www/vhosts/zenort.com/httpdocs/crm2/vendor/laravel/framework/src/Illuminate/Pipeline/Pipeline.php(163): Illuminate\Foundation\Http\Middleware\CheckForMaintenanceMode->handle()
#97 /var/www/vhosts/zenort.com/httpdocs/crm2/vendor/laravel/framework/src/Illuminate/Routing/Pipeline.php(53): Illuminate\Pipeline\Pipeline->Illuminate\Pipeline\{closure}()
#98 /var/www/vhosts/zenort.com/httpdocs/crm2/vendor/laravel/framework/src/Illuminate/Pipeline/Pipeline.php(104): Illuminate\Routing\Pipeline->Illuminate\Routing\{closure}()
#99 /var/www/vhosts/zenort.com/httpdocs/crm2/vendor/laravel/framework/src/Illuminate/Foundation/Http/Kernel.php(151): Illuminate\Pipeline\Pipeline->then()
#100 /var/www/vhosts/zenort.com/httpdocs/crm2/vendor/laravel/framework/src/Illuminate/Foundation/Http/Kernel.php(116): Illuminate\Foundation\Http\Kernel->sendRequestThroughRouter()
#101 /var/www/vhosts/zenort.com/httpdocs/crm2/public/index.php(53): Illuminate\Foundation\Http\Kernel->handle()
#102 {main}
Backup failed because: The Process class relies on proc_open, which is not available on your PHP installation..
  
[2022-05-14 11:26:28] development.INFO: Backpack\BackupManager -- new backup started from admin interface 
Starting backup...
Dumping database zzenort_DQE...
Backup failed because The Process class relies on proc_open, which is not available on your PHP installation..
#0 /var/www/vhosts/zenort.com/httpdocs/crm2/vendor/symfony/process/Process.php(195): Symfony\Component\Process\Process->__construct()
#1 /var/www/vhosts/zenort.com/httpdocs/crm2/vendor/spatie/db-dumper/src/Databases/MySql.php(350): Symfony\Component\Process\Process::fromShellCommandline()
#2 /var/www/vhosts/zenort.com/httpdocs/crm2/vendor/spatie/db-dumper/src/Databases/MySql.php(199): Spatie\DbDumper\Databases\MySql->getProcess()
#3 /var/www/vhosts/zenort.com/httpdocs/crm2/vendor/spatie/laravel-backup/src/Tasks/Backup/BackupJob.php(246): Spatie\DbDumper\Databases\MySql->dumpToFile()
#4 [internal function]: Spatie\Backup\Tasks\Backup\BackupJob->Spatie\Backup\Tasks\Backup\{closure}()
#5 /var/www/vhosts/zenort.com/httpdocs/crm2/vendor/laravel/framework/src/Illuminate/Support/Collection.php(1120): array_map()
#6 /var/www/vhosts/zenort.com/httpdocs/crm2/vendor/spatie/laravel-backup/src/Tasks/Backup/BackupJob.php(249): Illuminate\Support\Collection->map()
#7 /var/www/vhosts/zenort.com/httpdocs/crm2/vendor/spatie/laravel-backup/src/Tasks/Backup/BackupJob.php(166): Spatie\Backup\Tasks\Backup\BackupJob->dumpDatabases()
#8 /var/www/vhosts/zenort.com/httpdocs/crm2/vendor/spatie/laravel-backup/src/Tasks/Backup/BackupJob.php(142): Spatie\Backup\Tasks\Backup\BackupJob->createBackupManifest()
#9 /var/www/vhosts/zenort.com/httpdocs/crm2/vendor/spatie/laravel-backup/src/Commands/BackupCommand.php(52): Spatie\Backup\Tasks\Backup\BackupJob->run()
#10 [internal function]: Spatie\Backup\Commands\BackupCommand->handle()
#11 /var/www/vhosts/zenort.com/httpdocs/crm2/vendor/laravel/framework/src/Illuminate/Container/BoundMethod.php(32): call_user_func_array()
#12 /var/www/vhosts/zenort.com/httpdocs/crm2/vendor/laravel/framework/src/Illuminate/Container/BoundMethod.php(90): Illuminate\Container\BoundMethod::Illuminate\Container\{closure}()
#13 /var/www/vhosts/zenort.com/httpdocs/crm2/vendor/laravel/framework/src/Illuminate/Container/BoundMethod.php(34): Illuminate\Container\BoundMethod::callBoundMethod()
#14 /var/www/vhosts/zenort.com/httpdocs/crm2/vendor/laravel/framework/src/Illuminate/Container/Container.php(576): Illuminate\Container\BoundMethod::call()
#15 /var/www/vhosts/zenort.com/httpdocs/crm2/vendor/laravel/framework/src/Illuminate/Console/Command.php(183): Illuminate\Container\Container->call()
#16 /var/www/vhosts/zenort.com/httpdocs/crm2/vendor/symfony/console/Command/Command.php(255): Illuminate\Console\Command->execute()
#17 /var/www/vhosts/zenort.com/httpdocs/crm2/vendor/laravel/framework/src/Illuminate/Console/Command.php(170): Symfony\Component\Console\Command\Command->run()
#18 /var/www/vhosts/zenort.com/httpdocs/crm2/vendor/spatie/laravel-backup/src/Commands/BaseCommand.php(16): Illuminate\Console\Command->run()
#19 /var/www/vhosts/zenort.com/httpdocs/crm2/vendor/symfony/console/Application.php(1009): Spatie\Backup\Commands\BaseCommand->run()
#20 /var/www/vhosts/zenort.com/httpdocs/crm2/vendor/symfony/console/Application.php(273): Symfony\Component\Console\Application->doRunCommand()
#21 /var/www/vhosts/zenort.com/httpdocs/crm2/vendor/symfony/console/Application.php(149): Symfony\Component\Console\Application->doRun()
#22 /var/www/vhosts/zenort.com/httpdocs/crm2/vendor/laravel/framework/src/Illuminate/Console/Application.php(90): Symfony\Component\Console\Application->run()
#23 /var/www/vhosts/zenort.com/httpdocs/crm2/vendor/laravel/framework/src/Illuminate/Console/Application.php(182): Illuminate\Console\Application->run()
#24 /var/www/vhosts/zenort.com/httpdocs/crm2/vendor/laravel/framework/src/Illuminate/Foundation/Console/Kernel.php(275): Illuminate\Console\Application->call()
#25 /var/www/vhosts/zenort.com/httpdocs/crm2/vendor/laravel/framework/src/Illuminate/Support/Facades/Facade.php(239): Illuminate\Foundation\Console\Kernel->call()
#26 /var/www/vhosts/zenort.com/httpdocs/crm2/app/Http/Controllers/BackUpController.php(82): Illuminate\Support\Facades\Facade::__callStatic()
#27 [internal function]: App\Http\Controllers\BackUpController->create()
#28 /var/www/vhosts/zenort.com/httpdocs/crm2/vendor/laravel/framework/src/Illuminate/Routing/Controller.php(54): call_user_func_array()
#29 /var/www/vhosts/zenort.com/httpdocs/crm2/vendor/laravel/framework/src/Illuminate/Routing/ControllerDispatcher.php(45): Illuminate\Routing\Controller->callAction()
#30 /var/www/vhosts/zenort.com/httpdocs/crm2/vendor/laravel/framework/src/Illuminate/Routing/Route.php(219): Illuminate\Routing\ControllerDispatcher->dispatch()
#31 /var/www/vhosts/zenort.com/httpdocs/crm2/vendor/laravel/framework/src/Illuminate/Routing/Route.php(176): Illuminate\Routing\Route->runController()
#32 /var/www/vhosts/zenort.com/httpdocs/crm2/vendor/laravel/framework/src/Illuminate/Routing/Router.php(680): Illuminate\Routing\Route->run()
#33 /var/www/vhosts/zenort.com/httpdocs/crm2/vendor/laravel/framework/src/Illuminate/Routing/Pipeline.php(30): Illuminate\Routing\Router->Illuminate\Routing\{closure}()
#34 /var/www/vhosts/zenort.com/httpdocs/crm2/app/Http/Middleware/CheckUserLogin.php(22): Illuminate\Routing\Pipeline->Illuminate\Routing\{closure}()
#35 /var/www/vhosts/zenort.com/httpdocs/crm2/vendor/laravel/framework/src/Illuminate/Pipeline/Pipeline.php(163): App\Http\Middleware\CheckUserLogin->handle()
#36 /var/www/vhosts/zenort.com/httpdocs/crm2/vendor/laravel/framework/src/Illuminate/Routing/Pipeline.php(53): Illuminate\Pipeline\Pipeline->Illuminate\Pipeline\{closure}()
#37 /var/www/vhosts/zenort.com/httpdocs/crm2/app/Http/Middleware/AdminSidebarMenu.php(758): Illuminate\Routing\Pipeline->Illuminate\Routing\{closure}()
#38 /var/www/vhosts/zenort.com/httpdocs/crm2/vendor/laravel/framework/src/Illuminate/Pipeline/Pipeline.php(163): App\Http\Middleware\AdminSidebarMenu->handle()
#39 /var/www/vhosts/zenort.com/httpdocs/crm2/vendor/laravel/framework/src/Illuminate/Routing/Pipeline.php(53): Illuminate\Pipeline\Pipeline->Illuminate\Pipeline\{closure}()
#40 /var/www/vhosts/zenort.com/httpdocs/crm2/app/Http/Middleware/Timezone.php(30): Illuminate\Routing\Pipeline->Illuminate\Routing\{closure}()
#41 /var/www/vhosts/zenort.com/httpdocs/crm2/vendor/laravel/framework/src/Illuminate/Pipeline/Pipeline.php(163): App\Http\Middleware\Timezone->handle()
#42 /var/www/vhosts/zenort.com/httpdocs/crm2/vendor/laravel/framework/src/Illuminate/Routing/Pipeline.php(53): Illuminate\Pipeline\Pipeline->Illuminate\Pipeline\{closure}()
#43 /var/www/vhosts/zenort.com/httpdocs/crm2/app/Http/Middleware/Language.php(27): Illuminate\Routing\Pipeline->Illuminate\Routing\{closure}()
#44 /var/www/vhosts/zenort.com/httpdocs/crm2/vendor/laravel/framework/src/Illuminate/Pipeline/Pipeline.php(163): App\Http\Middleware\Language->handle()
#45 /var/www/vhosts/zenort.com/httpdocs/crm2/vendor/laravel/framework/src/Illuminate/Routing/Pipeline.php(53): Illuminate\Pipeline\Pipeline->Illuminate\Pipeline\{closure}()
#46 /var/www/vhosts/zenort.com/httpdocs/crm2/app/Http/Middleware/SetSessionData.php(53): Illuminate\Routing\Pipeline->Illuminate\Routing\{closure}()
#47 /var/www/vhosts/zenort.com/httpdocs/crm2/vendor/laravel/framework/src/Illuminate/Pipeline/Pipeline.php(163): App\Http\Middleware\SetSessionData->handle()
#48 /var/www/vhosts/zenort.com/httpdocs/crm2/vendor/laravel/framework/src/Illuminate/Routing/Pipeline.php(53): Illuminate\Pipeline\Pipeline->Illuminate\Pipeline\{closure}()
#49 /var/www/vhosts/zenort.com/httpdocs/crm2/app/Http/Middleware/IsInstalled.php(51): Illuminate\Routing\Pipeline->Illuminate\Routing\{closure}()
#50 /var/www/vhosts/zenort.com/httpdocs/crm2/vendor/laravel/framework/src/Illuminate/Pipeline/Pipeline.php(163): App\Http\Middleware\IsInstalled->handle()
#51 /var/www/vhosts/zenort.com/httpdocs/crm2/vendor/laravel/framework/src/Illuminate/Routing/Pipeline.php(53): Illuminate\Pipeline\Pipeline->Illuminate\Pipeline\{closure}()
#52 /var/www/vhosts/zenort.com/httpdocs/crm2/vendor/laravel/framework/src/Illuminate/Routing/Middleware/SubstituteBindings.php(41): Illuminate\Routing\Pipeline->Illuminate\Routing\{closure}()
#53 /var/www/vhosts/zenort.com/httpdocs/crm2/vendor/laravel/framework/src/Illuminate/Pipeline/Pipeline.php(163): Illuminate\Routing\Middleware\SubstituteBindings->handle()
#54 /var/www/vhosts/zenort.com/httpdocs/crm2/vendor/laravel/framework/src/Illuminate/Routing/Pipeline.php(53): Illuminate\Pipeline\Pipeline->Illuminate\Pipeline\{closure}()
#55 /var/www/vhosts/zenort.com/httpdocs/crm2/vendor/laravel/framework/src/Illuminate/Auth/Middleware/Authenticate.php(43): Illuminate\Routing\Pipeline->Illuminate\Routing\{closure}()
#56 /var/www/vhosts/zenort.com/httpdocs/crm2/vendor/laravel/framework/src/Illuminate/Pipeline/Pipeline.php(163): Illuminate\Auth\Middleware\Authenticate->handle()
#57 /var/www/vhosts/zenort.com/httpdocs/crm2/vendor/laravel/framework/src/Illuminate/Routing/Pipeline.php(53): Illuminate\Pipeline\Pipeline->Illuminate\Pipeline\{closure}()
#58 /var/www/vhosts/zenort.com/httpdocs/crm2/vendor/laravel/framework/src/Illuminate/Foundation/Http/Middleware/VerifyCsrfToken.php(75): Illuminate\Routing\Pipeline->Illuminate\Routing\{closure}()
#59 /var/www/vhosts/zenort.com/httpdocs/crm2/vendor/laravel/framework/src/Illuminate/Pipeline/Pipeline.php(163): Illuminate\Foundation\Http\Middleware\VerifyCsrfToken->handle()
#60 /var/www/vhosts/zenort.com/httpdocs/crm2/vendor/laravel/framework/src/Illuminate/Routing/Pipeline.php(53): Illuminate\Pipeline\Pipeline->Illuminate\Pipeline\{closure}()
#61 /var/www/vhosts/zenort.com/httpdocs/crm2/vendor/laravel/framework/src/Illuminate/View/Middleware/ShareErrorsFromSession.php(49): Illuminate\Routing\Pipeline->Illuminate\Routing\{closure}()
#62 /var/www/vhosts/zenort.com/httpdocs/crm2/vendor/laravel/framework/src/Illuminate/Pipeline/Pipeline.php(163): Illuminate\View\Middleware\ShareErrorsFromSession->handle()
#63 /var/www/vhosts/zenort.com/httpdocs/crm2/vendor/laravel/framework/src/Illuminate/Routing/Pipeline.php(53): Illuminate\Pipeline\Pipeline->Illuminate\Pipeline\{closure}()
#64 /var/www/vhosts/zenort.com/httpdocs/crm2/vendor/laravel/framework/src/Illuminate/Session/Middleware/StartSession.php(56): Illuminate\Routing\Pipeline->Illuminate\Routing\{closure}()
#65 /var/www/vhosts/zenort.com/httpdocs/crm2/vendor/laravel/framework/src/Illuminate/Pipeline/Pipeline.php(163): Illuminate\Session\Middleware\StartSession->handle()
#66 /var/www/vhosts/zenort.com/httpdocs/crm2/vendor/laravel/framework/src/Illuminate/Routing/Pipeline.php(53): Illuminate\Pipeline\Pipeline->Illuminate\Pipeline\{closure}()
#67 /var/www/vhosts/zenort.com/httpdocs/crm2/vendor/laravel/framework/src/Illuminate/Cookie/Middleware/AddQueuedCookiesToResponse.php(37): Illuminate\Routing\Pipeline->Illuminate\Routing\{closure}()
#68 /var/www/vhosts/zenort.com/httpdocs/crm2/vendor/laravel/framework/src/Illuminate/Pipeline/Pipeline.php(163): Illuminate\Cookie\Middleware\AddQueuedCookiesToResponse->handle()
#69 /var/www/vhosts/zenort.com/httpdocs/crm2/vendor/laravel/framework/src/Illuminate/Routing/Pipeline.php(53): Illuminate\Pipeline\Pipeline->Illuminate\Pipeline\{closure}()
#70 /var/www/vhosts/zenort.com/httpdocs/crm2/vendor/laravel/framework/src/Illuminate/Cookie/Middleware/EncryptCookies.php(66): Illuminate\Routing\Pipeline->Illuminate\Routing\{closure}()
#71 /var/www/vhosts/zenort.com/httpdocs/crm2/vendor/laravel/framework/src/Illuminate/Pipeline/Pipeline.php(163): Illuminate\Cookie\Middleware\EncryptCookies->handle()
#72 /var/www/vhosts/zenort.com/httpdocs/crm2/vendor/laravel/framework/src/Illuminate/Routing/Pipeline.php(53): Illuminate\Pipeline\Pipeline->Illuminate\Pipeline\{closure}()
#73 /var/www/vhosts/zenort.com/httpdocs/crm2/vendor/laravel/framework/src/Illuminate/Pipeline/Pipeline.php(104): Illuminate\Routing\Pipeline->Illuminate\Routing\{closure}()
#74 /var/www/vhosts/zenort.com/httpdocs/crm2/vendor/laravel/framework/src/Illuminate/Routing/Router.php(682): Illuminate\Pipeline\Pipeline->then()
#75 /var/www/vhosts/zenort.com/httpdocs/crm2/vendor/laravel/framework/src/Illuminate/Routing/Router.php(657): Illuminate\Routing\Router->runRouteWithinStack()
#76 /var/www/vhosts/zenort.com/httpdocs/crm2/vendor/laravel/framework/src/Illuminate/Routing/Router.php(623): Illuminate\Routing\Router->runRoute()
#77 /var/www/vhosts/zenort.com/httpdocs/crm2/vendor/laravel/framework/src/Illuminate/Routing/Router.php(612): Illuminate\Routing\Router->dispatchToRoute()
#78 /var/www/vhosts/zenort.com/httpdocs/crm2/vendor/laravel/framework/src/Illuminate/Foundation/Http/Kernel.php(176): Illuminate\Routing\Router->dispatch()
#79 /var/www/vhosts/zenort.com/httpdocs/crm2/vendor/laravel/framework/src/Illuminate/Routing/Pipeline.php(30): Illuminate\Foundation\Http\Kernel->Illuminate\Foundation\Http\{closure}()
#80 /var/www/vhosts/zenort.com/httpdocs/crm2/vendor/barryvdh/laravel-debugbar/src/Middleware/InjectDebugbar.php(58): Illuminate\Routing\Pipeline->Illuminate\Routing\{closure}()
#81 /var/www/vhosts/zenort.com/httpdocs/crm2/vendor/laravel/framework/src/Illuminate/Pipeline/Pipeline.php(163): Barryvdh\Debugbar\Middleware\InjectDebugbar->handle()
#82 /var/www/vhosts/zenort.com/httpdocs/crm2/vendor/laravel/framework/src/Illuminate/Routing/Pipeline.php(53): Illuminate\Pipeline\Pipeline->Illuminate\Pipeline\{closure}()
#83 /var/www/vhosts/zenort.com/httpdocs/crm2/vendor/fideloper/proxy/src/TrustProxies.php(57): Illuminate\Routing\Pipeline->Illuminate\Routing\{closure}()
#84 /var/www/vhosts/zenort.com/httpdocs/crm2/vendor/laravel/framework/src/Illuminate/Pipeline/Pipeline.php(163): Fideloper\Proxy\TrustProxies->handle()
#85 /var/www/vhosts/zenort.com/httpdocs/crm2/vendor/laravel/framework/src/Illuminate/Routing/Pipeline.php(53): Illuminate\Pipeline\Pipeline->Illuminate\Pipeline\{closure}()
#86 /var/www/vhosts/zenort.com/httpdocs/crm2/vendor/laravel/framework/src/Illuminate/Foundation/Http/Middleware/TransformsRequest.php(21): Illuminate\Routing\Pipeline->Illuminate\Routing\{closure}()
#87 /var/www/vhosts/zenort.com/httpdocs/crm2/vendor/laravel/framework/src/Illuminate/Pipeline/Pipeline.php(163): Illuminate\Foundation\Http\Middleware\TransformsRequest->handle()
#88 /var/www/vhosts/zenort.com/httpdocs/crm2/vendor/laravel/framework/src/Illuminate/Routing/Pipeline.php(53): Illuminate\Pipeline\Pipeline->Illuminate\Pipeline\{closure}()
#89 /var/www/vhosts/zenort.com/httpdocs/crm2/vendor/laravel/framework/src/Illuminate/Foundation/Http/Middleware/TransformsRequest.php(21): Illuminate\Routing\Pipeline->Illuminate\Routing\{closure}()
#90 /var/www/vhosts/zenort.com/httpdocs/crm2/vendor/laravel/framework/src/Illuminate/Pipeline/Pipeline.php(163): Illuminate\Foundation\Http\Middleware\TransformsRequest->handle()
#91 /var/www/vhosts/zenort.com/httpdocs/crm2/vendor/laravel/framework/src/Illuminate/Routing/Pipeline.php(53): Illuminate\Pipeline\Pipeline->Illuminate\Pipeline\{closure}()
#92 /var/www/vhosts/zenort.com/httpdocs/crm2/vendor/laravel/framework/src/Illuminate/Foundation/Http/Middleware/ValidatePostSize.php(27): Illuminate\Routing\Pipeline->Illuminate\Routing\{closure}()
#93 /var/www/vhosts/zenort.com/httpdocs/crm2/vendor/laravel/framework/src/Illuminate/Pipeline/Pipeline.php(163): Illuminate\Foundation\Http\Middleware\ValidatePostSize->handle()
#94 /var/www/vhosts/zenort.com/httpdocs/crm2/vendor/laravel/framework/src/Illuminate/Routing/Pipeline.php(53): Illuminate\Pipeline\Pipeline->Illuminate\Pipeline\{closure}()
#95 /var/www/vhosts/zenort.com/httpdocs/crm2/vendor/laravel/framework/src/Illuminate/Foundation/Http/Middleware/CheckForMaintenanceMode.php(62): Illuminate\Routing\Pipeline->Illuminate\Routing\{closure}()
#96 /var/www/vhosts/zenort.com/httpdocs/crm2/vendor/laravel/framework/src/Illuminate/Pipeline/Pipeline.php(163): Illuminate\Foundation\Http\Middleware\CheckForMaintenanceMode->handle()
#97 /var/www/vhosts/zenort.com/httpdocs/crm2/vendor/laravel/framework/src/Illuminate/Routing/Pipeline.php(53): Illuminate\Pipeline\Pipeline->Illuminate\Pipeline\{closure}()
#98 /var/www/vhosts/zenort.com/httpdocs/crm2/vendor/laravel/framework/src/Illuminate/Pipeline/Pipeline.php(104): Illuminate\Routing\Pipeline->Illuminate\Routing\{closure}()
#99 /var/www/vhosts/zenort.com/httpdocs/crm2/vendor/laravel/framework/src/Illuminate/Foundation/Http/Kernel.php(151): Illuminate\Pipeline\Pipeline->then()
#100 /var/www/vhosts/zenort.com/httpdocs/crm2/vendor/laravel/framework/src/Illuminate/Foundation/Http/Kernel.php(116): Illuminate\Foundation\Http\Kernel->sendRequestThroughRouter()
#101 /var/www/vhosts/zenort.com/httpdocs/crm2/public/index.php(53): Illuminate\Foundation\Http\Kernel->handle()
#102 {main}
Backup failed because: The Process class relies on proc_open, which is not available on your PHP installation..
  
